11:45:35.150 [main] INFO  api.test.Usertests - *****creating user *******
11:45:38.363 [main] INFO  api.test.Usertests - *****user is created *******
11:45:38.376 [main] INFO  api.test.Usertests - *****getting user *******
11:45:39.741 [main] INFO  api.test.Usertests - *****user is retrived *******
11:45:39.746 [main] INFO  api.test.Usertests - *****updating user *******
11:45:41.095 [main] INFO  api.test.Usertests - *****updated user *******
11:45:41.098 [main] INFO  api.test.Usertests - *****deleting user *******
11:45:42.500 [main] INFO  api.test.Usertests - *****deleted user *******
11:47:06.533 [main] DEBUG api.test.Usertests - debug logs
11:47:06.538 [main] INFO  api.test.Usertests - *****creating user *******
11:47:09.647 [main] INFO  api.test.Usertests - *****user is created *******
11:47:09.660 [main] INFO  api.test.Usertests - *****getting user *******
11:47:11.051 [main] INFO  api.test.Usertests - *****user is retrived *******
11:47:11.055 [main] INFO  api.test.Usertests - *****updating user *******
11:47:12.525 [main] INFO  api.test.Usertests - *****updated user *******
11:47:12.529 [main] INFO  api.test.Usertests - *****deleting user *******
11:47:13.860 [main] INFO  api.test.Usertests - *****deleted user *******
22:06:55.919 [main] DEBUG api.test.Usertests2 - debug logs
22:06:55.922 [main] INFO  api.test.Usertests2 - *****creating user *******
22:07:00.127 [main] INFO  api.test.Usertests2 - *****user is created *******
22:07:00.137 [main] INFO  api.test.Usertests2 - *****getting user *******
22:07:01.879 [main] INFO  api.test.Usertests2 - *****user is retrived *******
22:07:01.882 [main] INFO  api.test.Usertests2 - *****updating user *******
22:07:03.490 [main] INFO  api.test.Usertests2 - *****updated user *******
22:07:03.493 [main] INFO  api.test.Usertests2 - *****deleting user *******
22:07:05.112 [main] INFO  api.test.Usertests2 - *****deleted user *******
22:11:12.339 [main] DEBUG api.test.Usertests2 - debug logs
22:11:12.341 [main] INFO  api.test.Usertests2 - *****creating user *******
22:11:16.130 [main] INFO  api.test.Usertests2 - *****user is created *******
22:11:16.142 [main] INFO  api.test.Usertests2 - *****getting user *******
22:11:18.290 [main] INFO  api.test.Usertests2 - *****user is retrived *******
22:11:18.292 [main] INFO  api.test.Usertests2 - *****updating user *******
22:11:19.898 [main] INFO  api.test.Usertests2 - *****updated user *******
22:11:19.901 [main] INFO  api.test.Usertests2 - *****deleting user *******
22:11:21.489 [main] INFO  api.test.Usertests2 - *****deleted user *******
22:14:11.962 [main] DEBUG api.test.Usertests2 - debug logs
22:14:11.964 [main] INFO  api.test.Usertests2 - *****creating user *******
22:14:19.619 [main] INFO  api.test.Usertests2 - *****user is created *******
22:14:19.631 [main] INFO  api.test.Usertests2 - *****getting user *******
22:14:23.945 [main] INFO  api.test.Usertests2 - *****user is retrived *******
22:14:23.949 [main] INFO  api.test.Usertests2 - *****updating user *******
22:14:26.821 [main] INFO  api.test.Usertests2 - *****updated user *******
22:14:26.824 [main] INFO  api.test.Usertests2 - *****deleting user *******
22:14:30.898 [main] INFO  api.test.Usertests2 - *****deleted user *******
